21:09:58 com_github_zykrah_kicad-kle-placer.kle_placer_action 497: Plugin executed with python version: '3.9.16 (main, Aug  8 2023, 05:38:28) [MSC v.1936 64 bit (AMD64)]'
21:10:04 com_github_zykrah_kicad-kle-placer.kle_placer_action 512: User layout: Keyboard(meta=KeyboardMetadata(backcolor='#eeeeee', name='Spruce', author='', notes='', background=None, radii='', switchMount='', switchBrand='', switchType='', plate=False, pcb=False), keys=[Key(color='#cccccc', labels=['', '', '', '', '', '', '', '', '', '', '', ''], text_color=[None, None, None, None, None, None, None, None, None, None, None, None], text_size=[None, None, None, None, None, None, None, None, None, None, None, None], default=KeyDefault(text_color='#000000', text_size=3), x=0.0, y=0.0, width=1.0, height=1.75, x2=0.0, y2=0.0, width2=1.0, height2=1.75, rotation_x=0.0, rotation_y=0.0, rotation_angle=0.0, decal=False, ghost=False, stepped=False, nub=False, profile='', sm='', sb='', st=''), Key(color='#cccccc', labels=['', '', '', '', '', '', '', '', '', '', '', ''], text_color=[None, None, None, None, None, None, None, None, None, None, None, None], text_size=[None, None, None, None, None, None, None, None, None, None, None, None], default=KeyDefault(text_color='#000000', text_size=3), x=1.0, y=0.0, width=1, height=1.5, x2=0, y2=0, width2=1, height2=1.5, rotation_x=0.0, rotation_y=0.0, rotation_angle=0.0, decal=False, ghost=False, stepped=False, nub=False, profile='', sm='', sb='', st=''), Key(color='#cccccc', labels=['', '', '', '', '', '', '', '', '', '', '', ''], text_color=[None, None, None, None, None, None, None, None, None, None, None, None], text_size=[None, None, None, None, None, None, None, None, None, None, None, None], default=KeyDefault(text_color='#000000', text_size=3), x=2.0, y=0.0, width=1, height=1, x2=0, y2=0, width2=1, height2=1, rotation_x=0.0, rotation_y=0.0, rotation_angle=0.0, decal=False, ghost=False, stepped=False, nub=False, profile='', sm='', sb='', st=''), Key(color='#cccccc', labels=['', '', '', '', '', '', '', '', '', '', '', ''], text_color=[None, None, None, None, None, None, None, None, None, None, None, None], text_size=[None, None, None, None, None, None, None, None, None, None, None, None], default=KeyDefault(text_color='#000000', text_size=3), x=3.0, y=0.0, width=1, height=1.25, x2=0, y2=0, width2=1, height2=1.25, rotation_x=0.0, rotation_y=0.0, rotation_angle=0.0, decal=False, ghost=False, stepped=False, nub=False, profile='', sm='', sb='', st=''), Key(color='#cccccc', labels=['', '', '', '', '', '', '', '', '', '', '', ''], text_color=[None, None, None, None, None, None, None, None, None, None, None, None], text_size=[None, None, None, None, None, None, None, None, None, None, None, None], default=KeyDefault(text_color='#000000', text_size=3), x=4.0, y=0.0, width=1, height=1.25, x2=0, y2=0, width2=1, height2=1.25, rotation_x=0.0, rotation_y=0.0, rotation_angle=0.0, decal=False, ghost=False, stepped=False, nub=False, profile='', sm='', sb='', st=''), Key(color='#cccccc', labels=['', '', '', '', '', '', '', '', '', '', '', ''], text_color=[None, None, None, None, None, None, None, None, None, None, None, None], text_size=[None, None, None, None, None, None, None, None, None, None, None, None], default=KeyDefault(text_color='#000000', text_size=3), x=2.0, y=1.0, width=1, height=1, x2=0, y2=0, width2=1, height2=1, rotation_x=0.0, rotation_y=0.0, rotation_angle=0.0, decal=False, ghost=False, stepped=False, nub=False, profile='', sm='', sb='', st=''), Key(color='#cccccc', labels=['', '', '', '', '', '', '', '', '', '', '', ''], text_color=[None, None, None, None, None, None, None, None, None, None, None, None], text_size=[None, None, None, None, None, None, None, None, None, None, None, None], default=KeyDefault(text_color='#000000', text_size=3), x=3.0, y=1.25, width=1, height=1, x2=0, y2=0, width2=1, height2=1, rotation_x=0.0, rotation_y=0.0, rotation_angle=0.0, decal=False, ghost=False, stepped=False, nub=False, profile='', sm='', sb='', st=''), Key(color='#cccccc', labels=['', '', '', '', '', '', '', '', '', '', '', ''], text_color=[None, None, None, None, None, None, None, None, None, None, None, None], text_size=[None, None, None, None, None, None, None, None, None, None, None, None], default=KeyDefault(text_color='#000000', text_size=3), x=4.0, y=1.25, width=1, height=1, x2=0, y2=0, width2=1, height2=1, rotation_x=0.0, rotation_y=0.0, rotation_angle=0.0, decal=False, ghost=False, stepped=False, nub=False, profile='', sm='', sb='', st=''), Key(color='#cccccc', labels=['', '', '', '', '', '', '', '', '', '', '', ''], text_color=[None, None, None, None, None, None, None, None, None, None, None, None], text_size=[None, None, None, None, None, None, None, None, None, None, None, None], default=KeyDefault(text_color='#000000', text_size=3), x=1.0, y=1.5, width=1, height=1, x2=0, y2=0, width2=1, height2=1, rotation_x=0.0, rotation_y=0.0, rotation_angle=0.0, decal=False, ghost=False, stepped=False, nub=False, profile='', sm='', sb='', st=''), Key(color='#cccccc', labels=['', '', '', '', '', '', '', '', '', '', '', ''], text_color=[None, None, None, None, None, None, None, None, None, None, None, None], text_size=[None, None, None, None, None, None, None, None, None, None, None, None], default=KeyDefault(text_color='#000000', text_size=3), x=0.0, y=1.75, width=1, height=1, x2=0, y2=0, width2=1, height2=1, rotation_x=0.0, rotation_y=0.0, rotation_angle=0.0, decal=False, ghost=False, stepped=False, nub=False, profile='', sm='', sb='', st=''), Key(color='#cccccc', labels=['', '', '', '', '', '', '', '', '', '', '', ''], text_color=[None, None, None, None, None, None, None, None, None, None, None, None], text_size=[None, None, None, None, None, None, None, None, None, None, None, None], default=KeyDefault(text_color='#000000', text_size=3), x=2.0, y=2.0, width=1, height=1.25, x2=0, y2=0, width2=1, height2=1.25, rotation_x=0.0, rotation_y=0.0, rotation_angle=0.0, decal=False, ghost=False, stepped=False, nub=False, profile='', sm='', sb='', st=''), Key(color='#cccccc', labels=['', '', '', '', '', '', '', '', '', '', '', ''], text_color=[None, None, None, None, None, None, None, None, None, None, None, None], text_size=[None, None, None, None, None, None, None, None, None, None, None, None], default=KeyDefault(text_color='#000000', text_size=3), x=3.0, y=2.25, width=1, height=1, x2=0, y2=0, width2=1, height2=1, rotation_x=0.0, rotation_y=0.0, rotation_angle=0.0, decal=False, ghost=False, stepped=False, nub=False, profile='', sm='', sb='', st=''), Key(color='#cccccc', labels=['', '', '', '', '', '', '', '', '', '', '', ''], text_color=[None, None, None, None, None, None, None, None, None, None, None, None], text_size=[None, None, None, None, None, None, None, None, None, None, None, None], default=KeyDefault(text_color='#000000', text_size=3), x=4.0, y=2.25, width=1, height=1, x2=0, y2=0, width2=1, height2=1, rotation_x=0.0, rotation_y=0.0, rotation_angle=0.0, decal=False, ghost=False, stepped=False, nub=False, profile='', sm='', sb='', st=''), Key(color='#cccccc', labels=['', '', '', '', '', '', '', '', '', '', '', ''], text_color=[None, None, None, None, None, None, None, None, None, None, None, None], text_size=[None, None, None, None, None, None, None, None, None, None, None, None], default=KeyDefault(text_color='#000000', text_size=3), x=1.0, y=2.5, width=1, height=1.75, x2=0, y2=0, width2=1, height2=1.75, rotation_x=0.0, rotation_y=0.0, rotation_angle=0.0, decal=False, ghost=False, stepped=False, nub=False, profile='', sm='', sb='', st=''), Key(color='#cccccc', labels=['', '', '', '', '', '', '', '', '', '', '', ''], text_color=[None, None, None, None, None, None, None, None, None, None, None, None], text_size=[None, None, None, None, None, None, None, None, None, None, None, None], default=KeyDefault(text_color='#000000', text_size=3), x=0.0, y=2.75, width=1, height=1.5, x2=0, y2=0, width2=1, height2=1.5, rotation_x=0.0, rotation_y=0.0, rotation_angle=0.0, decal=False, ghost=False, stepped=False, nub=False, profile='', sm='', sb='', st=''), Key(color='#cccccc', labels=['', '', '', '', '', '', '', '', '', '', '', ''], text_color=[None, None, None, None, None, None, None, None, None, None, None, None], text_size=[None, None, None, None, None, None, None, None, None, None, None, None], default=KeyDefault(text_color='#000000', text_size=3), x=2.0, y=3.25, width=1, height=1, x2=0, y2=0, width2=1, height2=1, rotation_x=0.0, rotation_y=0.0, rotation_angle=0.0, decal=False, ghost=False, stepped=False, nub=False, profile='', sm='', sb='', st=''), Key(color='#cccccc', labels=['', '', '', '', '', '', '', '', '', '', '', ''], text_color=[None, None, None, None, None, None, None, None, None, None, None, None], text_size=[None, None, None, None, None, None, None, None, None, None, None, None], default=KeyDefault(text_color='#000000', text_size=3), x=3.0, y=3.25, width=2, height=1, x2=0, y2=0, width2=2, height2=1, rotation_x=0.0, rotation_y=0.0, rotation_angle=0.0, decal=False, ghost=False, stepped=False, nub=False, profile='', sm='', sb='', st='')])
21:10:04 com_github_zykrah_kicad-kle-placer.kle_placer_action 181: [Key(color='#cccccc', labels=['', '', '', '', '', '', '', '', '', '', '', ''], text_color=[None, None, None, None, None, None, None, None, None, None, None, None], text_size=[None, None, None, None, None, None, None, None, None, None, None, None], default=KeyDefault(text_color='#000000', text_size=3), x=0.0, y=0.0, width=1.0, height=1.75, x2=0.0, y2=0.0, width2=1.0, height2=1.75, rotation_x=0.0, rotation_y=0.0, rotation_angle=0.0, decal=False, ghost=False, stepped=False, nub=False, profile='', sm='', sb='', st=''), Key(color='#cccccc', labels=['', '', '', '', '', '', '', '', '', '', '', ''], text_color=[None, None, None, None, None, None, None, None, None, None, None, None], text_size=[None, None, None, None, None, None, None, None, None, None, None, None], default=KeyDefault(text_color='#000000', text_size=3), x=1.0, y=0.0, width=1, height=1.5, x2=0, y2=0, width2=1, height2=1.5, rotation_x=0.0, rotation_y=0.0, rotation_angle=0.0, decal=False, ghost=False, stepped=False, nub=False, profile='', sm='', sb='', st=''), Key(color='#cccccc', labels=['', '', '', '', '', '', '', '', '', '', '', ''], text_color=[None, None, None, None, None, None, None, None, None, None, None, None], text_size=[None, None, None, None, None, None, None, None, None, None, None, None], default=KeyDefault(text_color='#000000', text_size=3), x=2.0, y=0.0, width=1, height=1, x2=0, y2=0, width2=1, height2=1, rotation_x=0.0, rotation_y=0.0, rotation_angle=0.0, decal=False, ghost=False, stepped=False, nub=False, profile='', sm='', sb='', st=''), Key(color='#cccccc', labels=['', '', '', '', '', '', '', '', '', '', '', ''], text_color=[None, None, None, None, None, None, None, None, None, None, None, None], text_size=[None, None, None, None, None, None, None, None, None, None, None, None], default=KeyDefault(text_color='#000000', text_size=3), x=3.0, y=0.0, width=1, height=1.25, x2=0, y2=0, width2=1, height2=1.25, rotation_x=0.0, rotation_y=0.0, rotation_angle=0.0, decal=False, ghost=False, stepped=False, nub=False, profile='', sm='', sb='', st=''), Key(color='#cccccc', labels=['', '', '', '', '', '', '', '', '', '', '', ''], text_color=[None, None, None, None, None, None, None, None, None, None, None, None], text_size=[None, None, None, None, None, None, None, None, None, None, None, None], default=KeyDefault(text_color='#000000', text_size=3), x=4.0, y=0.0, width=1, height=1.25, x2=0, y2=0, width2=1, height2=1.25, rotation_x=0.0, rotation_y=0.0, rotation_angle=0.0, decal=False, ghost=False, stepped=False, nub=False, profile='', sm='', sb='', st=''), Key(color='#cccccc', labels=['', '', '', '', '', '', '', '', '', '', '', ''], text_color=[None, None, None, None, None, None, None, None, None, None, None, None], text_size=[None, None, None, None, None, None, None, None, None, None, None, None], default=KeyDefault(text_color='#000000', text_size=3), x=2.0, y=1.0, width=1, height=1, x2=0, y2=0, width2=1, height2=1, rotation_x=0.0, rotation_y=0.0, rotation_angle=0.0, decal=False, ghost=False, stepped=False, nub=False, profile='', sm='', sb='', st=''), Key(color='#cccccc', labels=['', '', '', '', '', '', '', '', '', '', '', ''], text_color=[None, None, None, None, None, None, None, None, None, None, None, None], text_size=[None, None, None, None, None, None, None, None, None, None, None, None], default=KeyDefault(text_color='#000000', text_size=3), x=3.0, y=1.25, width=1, height=1, x2=0, y2=0, width2=1, height2=1, rotation_x=0.0, rotation_y=0.0, rotation_angle=0.0, decal=False, ghost=False, stepped=False, nub=False, profile='', sm='', sb='', st=''), Key(color='#cccccc', labels=['', '', '', '', '', '', '', '', '', '', '', ''], text_color=[None, None, None, None, None, None, None, None, None, None, None, None], text_size=[None, None, None, None, None, None, None, None, None, None, None, None], default=KeyDefault(text_color='#000000', text_size=3), x=4.0, y=1.25, width=1, height=1, x2=0, y2=0, width2=1, height2=1, rotation_x=0.0, rotation_y=0.0, rotation_angle=0.0, decal=False, ghost=False, stepped=False, nub=False, profile='', sm='', sb='', st=''), Key(color='#cccccc', labels=['', '', '', '', '', '', '', '', '', '', '', ''], text_color=[None, None, None, None, None, None, None, None, None, None, None, None], text_size=[None, None, None, None, None, None, None, None, None, None, None, None], default=KeyDefault(text_color='#000000', text_size=3), x=1.0, y=1.5, width=1, height=1, x2=0, y2=0, width2=1, height2=1, rotation_x=0.0, rotation_y=0.0, rotation_angle=0.0, decal=False, ghost=False, stepped=False, nub=False, profile='', sm='', sb='', st=''), Key(color='#cccccc', labels=['', '', '', '', '', '', '', '', '', '', '', ''], text_color=[None, None, None, None, None, None, None, None, None, None, None, None], text_size=[None, None, None, None, None, None, None, None, None, None, None, None], default=KeyDefault(text_color='#000000', text_size=3), x=0.0, y=1.75, width=1, height=1, x2=0, y2=0, width2=1, height2=1, rotation_x=0.0, rotation_y=0.0, rotation_angle=0.0, decal=False, ghost=False, stepped=False, nub=False, profile='', sm='', sb='', st=''), Key(color='#cccccc', labels=['', '', '', '', '', '', '', '', '', '', '', ''], text_color=[None, None, None, None, None, None, None, None, None, None, None, None], text_size=[None, None, None, None, None, None, None, None, None, None, None, None], default=KeyDefault(text_color='#000000', text_size=3), x=2.0, y=2.0, width=1, height=1.25, x2=0, y2=0, width2=1, height2=1.25, rotation_x=0.0, rotation_y=0.0, rotation_angle=0.0, decal=False, ghost=False, stepped=False, nub=False, profile='', sm='', sb='', st=''), Key(color='#cccccc', labels=['', '', '', '', '', '', '', '', '', '', '', ''], text_color=[None, None, None, None, None, None, None, None, None, None, None, None], text_size=[None, None, None, None, None, None, None, None, None, None, None, None], default=KeyDefault(text_color='#000000', text_size=3), x=3.0, y=2.25, width=1, height=1, x2=0, y2=0, width2=1, height2=1, rotation_x=0.0, rotation_y=0.0, rotation_angle=0.0, decal=False, ghost=False, stepped=False, nub=False, profile='', sm='', sb='', st=''), Key(color='#cccccc', labels=['', '', '', '', '', '', '', '', '', '', '', ''], text_color=[None, None, None, None, None, None, None, None, None, None, None, None], text_size=[None, None, None, None, None, None, None, None, None, None, None, None], default=KeyDefault(text_color='#000000', text_size=3), x=4.0, y=2.25, width=1, height=1, x2=0, y2=0, width2=1, height2=1, rotation_x=0.0, rotation_y=0.0, rotation_angle=0.0, decal=False, ghost=False, stepped=False, nub=False, profile='', sm='', sb='', st=''), Key(color='#cccccc', labels=['', '', '', '', '', '', '', '', '', '', '', ''], text_color=[None, None, None, None, None, None, None, None, None, None, None, None], text_size=[None, None, None, None, None, None, None, None, None, None, None, None], default=KeyDefault(text_color='#000000', text_size=3), x=1.0, y=2.5, width=1, height=1.75, x2=0, y2=0, width2=1, height2=1.75, rotation_x=0.0, rotation_y=0.0, rotation_angle=0.0, decal=False, ghost=False, stepped=False, nub=False, profile='', sm='', sb='', st=''), Key(color='#cccccc', labels=['', '', '', '', '', '', '', '', '', '', '', ''], text_color=[None, None, None, None, None, None, None, None, None, None, None, None], text_size=[None, None, None, None, None, None, None, None, None, None, None, None], default=KeyDefault(text_color='#000000', text_size=3), x=0.0, y=2.75, width=1, height=1.5, x2=0, y2=0, width2=1, height2=1.5, rotation_x=0.0, rotation_y=0.0, rotation_angle=0.0, decal=False, ghost=False, stepped=False, nub=False, profile='', sm='', sb='', st=''), Key(color='#cccccc', labels=['', '', '', '', '', '', '', '', '', '', '', ''], text_color=[None, None, None, None, None, None, None, None, None, None, None, None], text_size=[None, None, None, None, None, None, None, None, None, None, None, None], default=KeyDefault(text_color='#000000', text_size=3), x=2.0, y=3.25, width=1, height=1, x2=0, y2=0, width2=1, height2=1, rotation_x=0.0, rotation_y=0.0, rotation_angle=0.0, decal=False, ghost=False, stepped=False, nub=False, profile='', sm='', sb='', st=''), Key(color='#cccccc', labels=['', '', '', '', '', '', '', '', '', '', '', ''], text_color=[None, None, None, None, None, None, None, None, None, None, None, None], text_size=[None, None, None, None, None, None, None, None, None, None, None, None], default=KeyDefault(text_color='#000000', text_size=3), x=3.0, y=3.25, width=2, height=1, x2=0, y2=0, width2=2, height2=1, rotation_x=0.0, rotation_y=0.0, rotation_angle=0.0, decal=False, ghost=False, stepped=False, nub=False, profile='', sm='', sb='', st='')]
21:10:04 com_github_zykrah_kicad-kle-placer.kle_placer_action 134: Searching for MX1 footprint
21:10:04 com_github_zykrah_kicad-kle-placer.kle_placer_action 348: first_key_pos (16830000, 13318750)
21:10:04 com_github_zykrah_kicad-kle-placer.kle_placer_action 361: default_key_rotation 0.0
21:10:04 com_github_zykrah_kicad-kle-placer.kle_placer_action 134: Searching for D1 footprint
21:10:04 com_github_zykrah_kicad-kle-placer.kle_placer_action 134: Searching for D1 footprint
21:10:04 com_github_zykrah_kicad-kle-placer.kle_placer_action 134: Searching for MX1 footprint
21:10:04 com_github_zykrah_kicad-kle-placer.kle_placer_action 134: Searching for S1 footprint
21:10:04 com_github_zykrah_kicad-kle-placer.kle_placer_action 142: Setting MX1 footprint position: (26355000, 29987500)
21:10:04 com_github_zykrah_kicad-kle-placer.kle_placer_action 142: Setting D1 footprint position: (31911250, 24034375)
21:10:04 com_github_zykrah_kicad-kle-placer.kle_placer_action 150: Rotating D1 footprint: rotationReference: (26355000, 29987500), rotationAngle: 0
21:10:04 com_github_zykrah_kicad-kle-placer.kle_placer_action 134: Searching for D2 footprint
21:10:04 com_github_zykrah_kicad-kle-placer.kle_placer_action 134: Searching for MX2 footprint
21:10:04 com_github_zykrah_kicad-kle-placer.kle_placer_action 134: Searching for S2 footprint
21:10:04 com_github_zykrah_kicad-kle-placer.kle_placer_action 142: Setting MX2 footprint position: (45405000, 27606250)
21:10:04 com_github_zykrah_kicad-kle-placer.kle_placer_action 142: Setting D2 footprint position: (50961250, 21653125)
21:10:04 com_github_zykrah_kicad-kle-placer.kle_placer_action 150: Rotating D2 footprint: rotationReference: (45405000, 27606250), rotationAngle: 0
21:10:04 com_github_zykrah_kicad-kle-placer.kle_placer_action 134: Searching for D3 footprint
21:10:04 com_github_zykrah_kicad-kle-placer.kle_placer_action 134: Searching for MX3 footprint
21:10:04 com_github_zykrah_kicad-kle-placer.kle_placer_action 134: Searching for S3 footprint
21:10:04 com_github_zykrah_kicad-kle-placer.kle_placer_action 142: Setting MX3 footprint position: (64455000, 22843750)
21:10:04 com_github_zykrah_kicad-kle-placer.kle_placer_action 142: Setting D3 footprint position: (70011250, 16890625)
21:10:04 com_github_zykrah_kicad-kle-placer.kle_placer_action 150: Rotating D3 footprint: rotationReference: (64455000, 22843750), rotationAngle: 0
21:10:04 com_github_zykrah_kicad-kle-placer.kle_placer_action 134: Searching for D4 footprint
21:10:04 com_github_zykrah_kicad-kle-placer.kle_placer_action 134: Searching for MX4 footprint
21:10:04 com_github_zykrah_kicad-kle-placer.kle_placer_action 134: Searching for S4 footprint
21:10:04 com_github_zykrah_kicad-kle-placer.kle_placer_action 142: Setting MX4 footprint position: (83505000, 25225000)
21:10:04 com_github_zykrah_kicad-kle-placer.kle_placer_action 142: Setting D4 footprint position: (89061250, 19271875)
21:10:04 com_github_zykrah_kicad-kle-placer.kle_placer_action 150: Rotating D4 footprint: rotationReference: (83505000, 25225000), rotationAngle: 0
21:10:04 com_github_zykrah_kicad-kle-placer.kle_placer_action 134: Searching for D5 footprint
21:10:04 com_github_zykrah_kicad-kle-placer.kle_placer_action 134: Searching for MX5 footprint
21:10:04 com_github_zykrah_kicad-kle-placer.kle_placer_action 134: Searching for S5 footprint
21:10:04 com_github_zykrah_kicad-kle-placer.kle_placer_action 142: Setting MX5 footprint position: (102555000, 25225000)
21:10:04 com_github_zykrah_kicad-kle-placer.kle_placer_action 142: Setting D5 footprint position: (108111250, 19271875)
21:10:04 com_github_zykrah_kicad-kle-placer.kle_placer_action 150: Rotating D5 footprint: rotationReference: (102555000, 25225000), rotationAngle: 0
21:10:04 com_github_zykrah_kicad-kle-placer.kle_placer_action 134: Searching for D6 footprint
21:10:04 com_github_zykrah_kicad-kle-placer.kle_placer_action 134: Searching for MX6 footprint
21:10:04 com_github_zykrah_kicad-kle-placer.kle_placer_action 134: Searching for S6 footprint
21:10:04 com_github_zykrah_kicad-kle-placer.kle_placer_action 142: Setting MX6 footprint position: (64455000, 41893750)
21:10:04 com_github_zykrah_kicad-kle-placer.kle_placer_action 142: Setting D6 footprint position: (70011250, 35940625)
21:10:04 com_github_zykrah_kicad-kle-placer.kle_placer_action 150: Rotating D6 footprint: rotationReference: (64455000, 41893750), rotationAngle: 0
21:10:04 com_github_zykrah_kicad-kle-placer.kle_placer_action 134: Searching for D7 footprint
21:10:04 com_github_zykrah_kicad-kle-placer.kle_placer_action 134: Searching for MX7 footprint
21:10:04 com_github_zykrah_kicad-kle-placer.kle_placer_action 134: Searching for S7 footprint
21:10:04 com_github_zykrah_kicad-kle-placer.kle_placer_action 142: Setting MX7 footprint position: (83505000, 46656250)
21:10:04 com_github_zykrah_kicad-kle-placer.kle_placer_action 142: Setting D7 footprint position: (89061250, 40703125)
21:10:04 com_github_zykrah_kicad-kle-placer.kle_placer_action 150: Rotating D7 footprint: rotationReference: (83505000, 46656250), rotationAngle: 0
21:10:04 com_github_zykrah_kicad-kle-placer.kle_placer_action 134: Searching for D8 footprint
21:10:04 com_github_zykrah_kicad-kle-placer.kle_placer_action 134: Searching for MX8 footprint
21:10:04 com_github_zykrah_kicad-kle-placer.kle_placer_action 134: Searching for S8 footprint
21:10:04 com_github_zykrah_kicad-kle-placer.kle_placer_action 142: Setting MX8 footprint position: (102555000, 46656250)
21:10:04 com_github_zykrah_kicad-kle-placer.kle_placer_action 142: Setting D8 footprint position: (108111250, 40703125)
21:10:04 com_github_zykrah_kicad-kle-placer.kle_placer_action 150: Rotating D8 footprint: rotationReference: (102555000, 46656250), rotationAngle: 0
21:10:04 com_github_zykrah_kicad-kle-placer.kle_placer_action 134: Searching for D9 footprint
21:10:04 com_github_zykrah_kicad-kle-placer.kle_placer_action 134: Searching for MX9 footprint
21:10:04 com_github_zykrah_kicad-kle-placer.kle_placer_action 134: Searching for S9 footprint
21:10:04 com_github_zykrah_kicad-kle-placer.kle_placer_action 142: Setting MX9 footprint position: (45405000, 51418750)
21:10:04 com_github_zykrah_kicad-kle-placer.kle_placer_action 142: Setting D9 footprint position: (50961250, 45465625)
21:10:04 com_github_zykrah_kicad-kle-placer.kle_placer_action 150: Rotating D9 footprint: rotationReference: (45405000, 51418750), rotationAngle: 0
21:10:04 com_github_zykrah_kicad-kle-placer.kle_placer_action 134: Searching for D10 footprint
21:10:04 com_github_zykrah_kicad-kle-placer.kle_placer_action 134: Searching for MX10 footprint
21:10:04 com_github_zykrah_kicad-kle-placer.kle_placer_action 134: Searching for S10 footprint
21:10:04 com_github_zykrah_kicad-kle-placer.kle_placer_action 142: Setting MX10 footprint position: (26355000, 56181250)
21:10:04 com_github_zykrah_kicad-kle-placer.kle_placer_action 142: Setting D10 footprint position: (31911250, 50228125)
21:10:04 com_github_zykrah_kicad-kle-placer.kle_placer_action 150: Rotating D10 footprint: rotationReference: (26355000, 56181250), rotationAngle: 0
21:10:04 com_github_zykrah_kicad-kle-placer.kle_placer_action 134: Searching for D11 footprint
21:10:04 com_github_zykrah_kicad-kle-placer.kle_placer_action 134: Searching for MX11 footprint
21:10:04 com_github_zykrah_kicad-kle-placer.kle_placer_action 134: Searching for S11 footprint
21:10:04 com_github_zykrah_kicad-kle-placer.kle_placer_action 142: Setting MX11 footprint position: (64455000, 63325000)
21:10:04 com_github_zykrah_kicad-kle-placer.kle_placer_action 142: Setting D11 footprint position: (70011250, 57371875)
21:10:04 com_github_zykrah_kicad-kle-placer.kle_placer_action 150: Rotating D11 footprint: rotationReference: (64455000, 63325000), rotationAngle: 0
21:10:04 com_github_zykrah_kicad-kle-placer.kle_placer_action 134: Searching for D12 footprint
21:10:04 com_github_zykrah_kicad-kle-placer.kle_placer_action 134: Searching for MX12 footprint
21:10:04 com_github_zykrah_kicad-kle-placer.kle_placer_action 134: Searching for S12 footprint
21:10:04 com_github_zykrah_kicad-kle-placer.kle_placer_action 142: Setting MX12 footprint position: (83505000, 65706250)
21:10:04 com_github_zykrah_kicad-kle-placer.kle_placer_action 142: Setting D12 footprint position: (89061250, 59753125)
21:10:04 com_github_zykrah_kicad-kle-placer.kle_placer_action 150: Rotating D12 footprint: rotationReference: (83505000, 65706250), rotationAngle: 0
21:10:04 com_github_zykrah_kicad-kle-placer.kle_placer_action 134: Searching for D13 footprint
21:10:04 com_github_zykrah_kicad-kle-placer.kle_placer_action 134: Searching for MX13 footprint
21:10:04 com_github_zykrah_kicad-kle-placer.kle_placer_action 134: Searching for S13 footprint
21:10:04 com_github_zykrah_kicad-kle-placer.kle_placer_action 142: Setting MX13 footprint position: (102555000, 65706250)
21:10:04 com_github_zykrah_kicad-kle-placer.kle_placer_action 142: Setting D13 footprint position: (108111250, 59753125)
21:10:04 com_github_zykrah_kicad-kle-placer.kle_placer_action 150: Rotating D13 footprint: rotationReference: (102555000, 65706250), rotationAngle: 0
21:10:04 com_github_zykrah_kicad-kle-placer.kle_placer_action 134: Searching for D14 footprint
21:10:04 com_github_zykrah_kicad-kle-placer.kle_placer_action 134: Searching for MX14 footprint
21:10:04 com_github_zykrah_kicad-kle-placer.kle_placer_action 134: Searching for S14 footprint
21:10:04 com_github_zykrah_kicad-kle-placer.kle_placer_action 142: Setting MX14 footprint position: (45405000, 77612500)
21:10:04 com_github_zykrah_kicad-kle-placer.kle_placer_action 142: Setting D14 footprint position: (50961250, 71659375)
21:10:04 com_github_zykrah_kicad-kle-placer.kle_placer_action 150: Rotating D14 footprint: rotationReference: (45405000, 77612500), rotationAngle: 0
21:10:04 com_github_zykrah_kicad-kle-placer.kle_placer_action 134: Searching for D15 footprint
21:10:04 com_github_zykrah_kicad-kle-placer.kle_placer_action 134: Searching for MX15 footprint
21:10:04 com_github_zykrah_kicad-kle-placer.kle_placer_action 134: Searching for S15 footprint
21:10:04 com_github_zykrah_kicad-kle-placer.kle_placer_action 142: Setting MX15 footprint position: (26355000, 79993750)
21:10:04 com_github_zykrah_kicad-kle-placer.kle_placer_action 142: Setting D15 footprint position: (31911250, 74040625)
21:10:04 com_github_zykrah_kicad-kle-placer.kle_placer_action 150: Rotating D15 footprint: rotationReference: (26355000, 79993750), rotationAngle: 0
21:10:04 com_github_zykrah_kicad-kle-placer.kle_placer_action 134: Searching for D16 footprint
21:10:04 com_github_zykrah_kicad-kle-placer.kle_placer_action 134: Searching for MX16 footprint
21:10:04 com_github_zykrah_kicad-kle-placer.kle_placer_action 134: Searching for S16 footprint
21:10:04 com_github_zykrah_kicad-kle-placer.kle_placer_action 142: Setting MX16 footprint position: (64455000, 84756250)
21:10:04 com_github_zykrah_kicad-kle-placer.kle_placer_action 142: Setting D16 footprint position: (70011250, 78803125)
21:10:04 com_github_zykrah_kicad-kle-placer.kle_placer_action 150: Rotating D16 footprint: rotationReference: (64455000, 84756250), rotationAngle: 0
21:10:04 com_github_zykrah_kicad-kle-placer.kle_placer_action 134: Searching for D17 footprint
21:10:04 com_github_zykrah_kicad-kle-placer.kle_placer_action 134: Searching for MX17 footprint
21:10:04 com_github_zykrah_kicad-kle-placer.kle_placer_action 134: Searching for S17 footprint
21:10:04 com_github_zykrah_kicad-kle-placer.kle_placer_action 142: Setting MX17 footprint position: (93030000, 84756250)
21:10:04 com_github_zykrah_kicad-kle-placer.kle_placer_action 142: Setting D17 footprint position: (98586250, 78803125)
21:10:04 com_github_zykrah_kicad-kle-placer.kle_placer_action 150: Rotating D17 footprint: rotationReference: (93030000, 84756250), rotationAngle: 0
